#
# There is insufficient memory for the Java Runtime Environment to continue.
# Native memory allocation (mmap) failed to map 130023424 bytes for G1 virtual space
# Possible reasons:
#   The system is out of physical RAM or swap space
#   The process is running with CompressedOops enabled, and the Java Heap may be blocking the growth of the native heap
# Possible solutions:
#   Reduce memory load on the system
#   Increase physical memory or swap space
#   Check if swap backing store is full
#   Decrease Java heap size (-Xmx/-Xms)
#   Decrease number of Java threads
#   Decrease Java thread stack sizes (-Xss)
#   Set larger code cache with -XX:ReservedCodeCacheSize=
#   JVM is running with Unscaled Compressed Oops mode in which the Java heap is
#     placed in the first 4GB address space. The Java Heap base address is the
#     maximum limit for the native heap growth. Please use -XX:HeapBaseMinAddress
#     to set the Java Heap base and to place the Java Heap above 4GB virtual address.
# This output file may be truncated or incomplete.
#
#  Out of Memory Error (os_windows.cpp:3466), pid=2836, tid=15520
#
# JRE version:  (16.0.1+9) (build )
# Java VM: Java HotSpot(TM) 64-Bit Server VM (16.0.1+9-24, mixed mode, sharing, tiered, compressed oops, compressed class ptrs, g1 gc, windows-amd64)
# No core dump will be written. Minidumps are not enabled by default on client versions of Windows
#

---------------  S U M M A R Y ------------

Command Line: -Dfile.encoding=Cp1252 -XX:+ShowCodeDetailsInExceptionMessages com.Client.Main

Host: Intel(R) Core(TM) i7-6600U CPU @ 2.60GHz, 4 cores, 7G,  Windows 10 , 64 bit Build 19041 (10.0.19041.928)
Time: Sun Jun  6 23:05:53 2021 India Standard Time elapsed time: 0.035141 seconds (0d 0h 0m 0s)

---------------  T H R E A D  ---------------

Current thread (0x000002004e9e7570):  JavaThread "Unknown thread" [_thread_in_vm, id=15520, stack(0x000000617b100000,0x000000617b200000)]

Stack: [0x000000617b100000,0x000000617b200000]
Native frames: (J=compiled Java code, j=interpreted, Vv=VM code, C=native code)
V  [jvm.dll+0x6687ca]
V  [jvm.dll+0x7ca3c9]
V  [jvm.dll+0x7cbb53]
V  [jvm.dll+0x7cc1b3]
V  [jvm.dll+0x242ea5]
V  [jvm.dll+0x665589]
V  [jvm.dll+0x65a175]
V  [jvm.dll+0x2fc5ab]
V  [jvm.dll+0x3037a6]
V  [jvm.dll+0x352fee]
V  [jvm.dll+0x35321f]
V  [jvm.dll+0x2d3618]
V  [jvm.dll+0x2d4854]
V  [jvm.dll+0x79ccb1]
V  [jvm.dll+0x360de1]
V  [jvm.dll+0x77a990]
V  [jvm.dll+0x3e55af]
V  [jvm.dll+0x3e7081]
C  [jli.dll+0x52fb]
C  [ucrtbase.dll+0x21bb2]
C  [KERNEL32.DLL+0x17034]
C  [ntdll.dll+0x52651]


---------------  P R O C E S S  ---------------

Threads class SMR info:
_java_thread_list=0x00007ffd45adcbb8, length=0, elements={
}

Java Threads: ( => current thread )

Other Threads:
  0x000002004ea25840 GCTaskThread "GC Thread#0" [stack: 0x000000617b200000,0x000000617b300000] [id=15688]
  0x000002004ea37500 ConcurrentGCThread "G1 Main Marker" [stack: 0x000000617b300000,0x000000617b400000] [id=3692]
  0x000002004ea37f00 ConcurrentGCThread "G1 Conc#0" [stack: 0x000000617b400000,0x000000617b500000] [id=14364]

[error occurred during error reporting (printing all threads), id 0xc0000005, EXCEPTION_ACCESS_VIOLATION (0xc0000005) at pc=0x00007ffd452b44d7]

VM state: not at safepoint (not fully initialized)

VM Mutex/Monitor currently owned by a thread:  ([mutex/lock_event])
[0x000002004e9e5130] Heap_lock - owner thread: 0x000002004e9e7570

Heap address: 0x0000000085a00000, size: 1958 MB, Compressed Oops mode: 32-bit

CDS archive(s) mapped at: [0x0000000000000000-0x0000000000000000-0x0000000000000000), size 0, SharedBaseAddress: 0x0000000800000000, ArchiveRelocationMode: 0.
Narrow klass base: 0x0000000000000000, Narrow klass shift: 0, Narrow klass range: 0x0

GC Precious Log:
<Empty>

Heap:
 garbage-first heap   total 0K, used 0K [0x0000000085a00000, 0x0000000100000000)
  region size 1024K, 0 young (0K), 0 survivors (0K)

[error occurred during error reporting (printing heap information), id 0xc0000005, EXCEPTION_ACCESS_VIOLATION (0xc0000005) at pc=0x00007ffd456924ed]

GC Heap History (0 events):
No events

Deoptimization events (0 events):
No events

Classes unloaded (0 events):
No events

Classes redefined (0 events):
No events

Internal exceptions (0 events):
No events

Events (1 events):
Event: 0.020 Loaded shared library C:\Program Files\Java\jdk-16.0.1\bin\java.dll


Dynamic libraries:
0x00007ff738ba0000 - 0x00007ff738bb0000 	C:\Program Files\Java\jdk-16.0.1\bin\javaw.exe
0x00007ffd8d0d0000 - 0x00007ffd8d2c5000 	C:\WINDOWS\SYSTEM32\ntdll.dll
0x00007ffd8cf20000 - 0x00007ffd8cfdd000 	C:\WINDOWS\System32\KERNEL32.DLL
0x00007ffd8a890000 - 0x00007ffd8ab58000 	C:\WINDOWS\System32\KERNELBASE.dll
0x00007ffd8af80000 - 0x00007ffd8b080000 	C:\WINDOWS\System32\ucrtbase.dll
0x00007ffd7bcc0000 - 0x00007ffd7bcd8000 	C:\Program Files\Java\jdk-16.0.1\bin\jli.dll
0x00007ffd8bf00000 - 0x00007ffd8bfac000 	C:\WINDOWS\System32\ADVAPI32.dll
0x00007ffd7bb00000 - 0x00007ffd7bb19000 	C:\Program Files\Java\jdk-16.0.1\bin\VCRUNTIME140.dll
0x00007ffd8ce80000 - 0x00007ffd8cf1e000 	C:\WINDOWS\System32\msvcrt.dll
0x00007ffd8cc80000 - 0x00007ffd8cd1b000 	C:\WINDOWS\System32\sechost.dll
0x00007ffd8c950000 - 0x00007ffd8ca7b000 	C:\WINDOWS\System32\RPCRT4.dll
0x00007ffd8ca80000 - 0x00007ffd8cc20000 	C:\WINDOWS\System32\USER32.dll
0x00007ffd8adb0000 - 0x00007ffd8add2000 	C:\WINDOWS\System32\win32u.dll
0x00007ffd8bfc0000 - 0x00007ffd8bfea000 	C:\WINDOWS\System32\GDI32.dll
0x00007ffd77f30000 - 0x00007ffd781ca000 	C:\WINDOWS\WinSxS\amd64_microsoft.windows.common-controls_6595b64144ccf1df_6.0.19041.844_none_ca00b6081b84eb1d\COMCTL32.dll
0x00007ffd8ade0000 - 0x00007ffd8aeeb000 	C:\WINDOWS\System32\gdi32full.dll
0x00007ffd8ab60000 - 0x00007ffd8abfd000 	C:\WINDOWS\System32\msvcp_win.dll
0x00007ffd814d0000 - 0x00007ffd814da000 	C:\WINDOWS\SYSTEM32\VERSION.dll
0x00007ffd8b130000 - 0x00007ffd8b160000 	C:\WINDOWS\System32\IMM32.DLL
0x00007ffd86090000 - 0x00007ffd8609c000 	C:\Program Files\Java\jdk-16.0.1\bin\vcruntime140_1.dll
0x00007ffd7b350000 - 0x00007ffd7b3e1000 	C:\Program Files\Java\jdk-16.0.1\bin\msvcp140.dll
0x00007ffd44fd0000 - 0x00007ffd45b7b000 	C:\Program Files\Java\jdk-16.0.1\bin\server\jvm.dll
0x00007ffd8bfb0000 - 0x00007ffd8bfb8000 	C:\WINDOWS\System32\PSAPI.DLL
0x00007ffd75fe0000 - 0x00007ffd75fe9000 	C:\WINDOWS\SYSTEM32\WSOCK32.dll
0x00007ffd8b800000 - 0x00007ffd8b86b000 	C:\WINDOWS\System32\WS2_32.dll
0x00007ffd79020000 - 0x00007ffd79047000 	C:\WINDOWS\SYSTEM32\WINMM.dll
0x00007ffd890e0000 - 0x00007ffd890f2000 	C:\WINDOWS\SYSTEM32\kernel.appcore.dll
0x00007ffd850a0000 - 0x00007ffd850aa000 	C:\Program Files\Java\jdk-16.0.1\bin\jimage.dll
0x00007ffd87d90000 - 0x00007ffd87f74000 	C:\WINDOWS\SYSTEM32\DBGHELP.DLL
0x00007ffd72040000 - 0x00007ffd7206c000 	C:\WINDOWS\SYSTEM32\dbgcore.DLL
0x00007ffd8a810000 - 0x00007ffd8a890000 	C:\WINDOWS\System32\bcryptPrimitives.dll
0x00007ffd70f90000 - 0x00007ffd70fb5000 	C:\Program Files\Java\jdk-16.0.1\bin\java.dll

dbghelp: loaded successfully - version: 4.0.5 - missing functions: none
symbol engine: initialized successfully - sym options: 0x614 - pdb path: .;C:\Program Files\Java\jdk-16.0.1\bin;C:\WINDOWS\SYSTEM32;C:\WINDOWS\WinSxS\amd64_microsoft.windows.common-controls_6595b64144ccf1df_6.0.19041.844_none_ca00b6081b84eb1d;C:\Program Files\Java\jdk-16.0.1\bin\server

VM Arguments:
jvm_args: -Dfile.encoding=Cp1252 -XX:+ShowCodeDetailsInExceptionMessages 
java_command: com.Client.Main
java_class_path (initial): C:\Users\MUHAMMAD\Desktop\Wiley Programs\LIbraryManagementSystem\bin
Launcher Type: SUN_STANDARD

[Global flags]
     intx CICompilerCount                          = 3                                         {product} {ergonomic}
     uint ConcGCThreads                            = 1                                         {product} {ergonomic}
     uint G1ConcRefinementThreads                  = 4                                         {product} {ergonomic}
   size_t G1HeapRegionSize                         = 1048576                                   {product} {ergonomic}
    uintx GCDrainStackTargetSize                   = 64                                        {product} {ergonomic}
   size_t InitialHeapSize                          = 130023424                                 {product} {ergonomic}
   size_t MarkStackSize                            = 4194304                                   {product} {ergonomic}
   size_t MaxHeapSize                              = 2053111808                                {product} {ergonomic}
   size_t MinHeapDeltaBytes                        = 1048576                                   {product} {ergonomic}
   size_t MinHeapSize                              = 8388608                                   {product} {ergonomic}
    uintx NonNMethodCodeHeapSize                   = 5832780                                {pd product} {ergonomic}
    uintx NonProfiledCodeHeapSize                  = 122912730                              {pd product} {ergonomic}
    uintx ProfiledCodeHeapSize                     = 122912730                              {pd product} {ergonomic}
    uintx ReservedCodeCacheSize                    = 251658240                              {pd product} {ergonomic}
     bool SegmentedCodeCache                       = true                                      {product} {ergonomic}
     bool ShowCodeDetailsInExceptionMessages       = true                                   {manageable} {command line}
   size_t SoftMaxHeapSize                          = 2053111808                             {manageable} {ergonomic}
     bool UseCompressedClassPointers               = true                           {product lp64_product} {ergonomic}
     bool UseCompressedOops                        = true                           {product lp64_product} {ergonomic}
     bool UseG1GC                                  = true                                      {product} {ergonomic}
     bool UseLargePagesIndividualAllocation        = false                                  {pd product} {ergonomic}

Logging:
Log output configuration:
 #0: stdout all=warning uptime,level,tags
 #1: stderr all=off uptime,level,tags

Environment Variables:
JAVA_HOME=C:\Program Files\Java\jdk-16
PATH=C:\Program Files\Common Files\Oracle\Java\javapath;C:\Users\MUHAMMAD\AppData\Local\Programs\Python\Python39\Scripts\;C:\Users\MUHAMMAD\AppData\Local\Programs\Python\Python39\;C:\WINDOWS\system32;C:\WINDOWS;C:\WINDOWS\System32\Wbem;C:\WINDOWS\System32\WindowsPowerShell\v1.0\;C:\WINDOWS\System32\OpenSSH\;C:\Program Files\nodejs\;C:\ProgramData\chocolatey\bin;C:\Program Files\Java\jdk-16.0.1\bin;C:\Users\MUHAMMAD\AppData\Local\Microsoft\WindowsApps;;C:\Modeltech_pe_edu_10.4a\win32pe_edu;C:\Users\MUHAMMAD\AppData\Local\Programs\Microsoft VS Code\bin;C:\Users\MUHAMMAD\AppData\Roaming\npm
USERNAME=Sankeerthana
OS=Windows_NT
PROCESSOR_IDENTIFIER=Intel64 Family 6 Model 78 Stepping 3, GenuineIntel



---------------  S Y S T E M  ---------------

OS:
 Windows 10 , 64 bit Build 19041 (10.0.19041.928)
OS uptime: 23 days 1:27 hours

CPU: total 4 (initial active 4) (2 cores per cpu, 2 threads per core) family 6 model 78 stepping 3 microcode 0xd6, cx8, cmov, fxsr, ht, mmx, 3dnowpref, sse, sse2, sse3, ssse3, sse4.1, sse4.2, popcnt, lzcnt, tsc, tscinvbit, avx, avx2, aes, erms, clmul, bmi1, bmi2, rtm, adx, fma, vzeroupper, clflush, clflushopt

Memory: 4k page, system-wide physical 7829M (1908M free)
TotalPageFile size 17767M (AvailPageFile size 123M)
current process WorkingSet (physical memory assigned to process): 9M, peak: 9M
current process commit charge ("private bytes"): 51M, peak: 175M

vm_info: Java HotSpot(TM) 64-Bit Server VM (16.0.1+9-24) for windows-amd64 JRE (16.0.1+9-24), built on Mar 26 2021 19:31:42 by "mach5one" with MS VC++ 16.7 (VS2019)

END.
